================================================================================
Appcelerator Titanium Diagnostics Build Log
The contents of this file are useful to send to Appcelerator Support if
reporting an issue to help us understand your environment, build settings
and aid in debugging. Please attach this log to any issue that you report.
================================================================================

Starting build at 01/18/12 22:22

Build details:

   timestamp=11/02/11 17:00
   version=1.7.5
   githash=ab20af7


Script arguments:
   /Library/Application Support/Titanium/mobilesdk/osx/1.7.5/iphone/builder.py
   simulator
   5.0
   /Users/hamhei/Titanium_Workspace/LoversClock
   org.ham.loversclock
   LoversClock
   iphone
   iphone
   

Building from: /Library/Application Support/Titanium/mobilesdk/osx/1.7.5/iphone
Platform: Darwin Kernel Version 10.8.0: Tue Jun  7 16:33:36 PDT 2011; root:xnu-1504.15.3~1/RELEASE_I386

Xcode path is: /Developer

[INFO] Detected third-party module: co.saiten.ti.admaker/0.1[INFO] Detected third-party module: ti.admob/1.1
githash=ab20af7, existing_git_hash=ab20af7
writing contents of /Users/hamhei/Titanium_Workspace/LoversClock/build/iphone/project.xcconfig:

TI_VERSION=1.7.5
TI_SDK_DIR=/Library/Application Support/Titanium/mobilesdk/osx/$(TI_VERSION)/iphone
TI_APPID=org.ham.loversclock
OTHER_LDFLAGS[sdk=iphoneos*]=$(inherited) -weak_framework iAd
OTHER_LDFLAGS[sdk=iphonesimulator*]=$(inherited) -weak_framework iAd
#include "module"

old contents


Generated the following stylecode code:

<?xml version="1.0" encoding="UTF-8"?>
<!DOCTYPE plist PUBLIC "-//Apple//DTD PLIST 1.0//EN" "http://www.apple.com/DTDs/PropertyList-1.0.dtd">
<plist version="1.0">
	<dict>
		<key>classes</key>
		<dict>
<key>app</key>
<dict>
</dict>
</dict>

		<key>classes_density</key>
		<dict>
<key>app</key>
<dict>
</dict>
</dict>

		<key>ids</key>
		<dict>
<key>app</key>
<dict>
<key>picker</key>
<dict>
<key>bottom</key>
<string>0px</string>
</dict>
<key>timeLabel</key>
<dict>
<key>color</key>
<string>#FBF5EB</string>
<key>height</key>
<string>auto</string>
<key>width</key>
<string>auto</string>
<key>font</key>
<dict>
<key>fontFamily</key>
<string>Arial Rounded MT Bold</string>
<key>fontSize</key>
<string>64px</string>
</dict>
<key>textAlign</key>
<string>right</string>
<key>left</key>
<string>15px</string>
</dict>
<key>headerView</key>
<dict>
<key>width</key>
<string>310px</string>
<key>height</key>
<string>13px</string>
</dict>
<key>notifyTab</key>
<dict>
<key>width</key>
<string>auto</string>
<key>top</key>
<string>0px</string>
<key>font</key>
<dict>
<key>fontSize</key>
<string>14px</string>
</dict>
<key>left</key>
<string>0px</string>
<key>height</key>
<string>30px</string>
</dict>
<key>itemView</key>
<dict>
<key>width</key>
<string>auto</string>
<key>left</key>
<string>0px</string>
<key>height</key>
<string>35px</string>
</dict>
<key>clock</key>
<dict>
<key>width</key>
<string>20px</string>
<key>top</key>
<string>7px</string>
<key>left</key>
<string>0px</string>
<key>height</key>
<string>20px</string>
</dict>
<key>itemView2</key>
<dict>
<key>width</key>
<string>auto</string>
<key>top</key>
<string>25px</string>
<key>left</key>
<string>0px</string>
<key>height</key>
<string>35px</string>
</dict>
<key>statusLabel</key>
<dict>
<key>right</key>
<string>10px</string>
<key>bottom</key>
<string>5px</string>
<key>color</key>
<string>#333</string>
<key>top</key>
<string>30px</string>
<key>height</key>
<string>auto</string>
<key>width</key>
<string>290px</string>
<key>font</key>
<dict>
<key>fontSize</key>
<string>14px</string>
</dict>
<key>left</key>
<string>15px</string>
</dict>
<key>twLabel</key>
<dict>
<key>color</key>
<string>#440000</string>
<key>width</key>
<string>auto</string>
<key>font</key>
<dict>
<key>fontWeight</key>
<string>bold</string>
<key>fontSize</key>
<string>16px</string>
</dict>
<key>left</key>
<string>5px</string>
<key>height</key>
<string>35px</string>
</dict>
<key>statusTable</key>
<dict>
<key>width</key>
<string>310px</string>
<key>backgroundColor</key>
<string>transparent</string>
<key>height</key>
<string>auto</string>
</dict>
<key>twtf</key>
<dict>
<key>color</key>
<string>#336699</string>
<key>width</key>
<string>150px</string>
<key>left</key>
<string>0px</string>
<key>height</key>
<string>30px</string>
</dict>
<key>adview1</key>
<dict>
<key>right</key>
<string>0</string>
<key>bottom</key>
<string>0</string>
<key>height</key>
<string>50px</string>
<key>width</key>
<string>320px</string>
<key>backgroundColor</key>
<string>transparent</string>
<key>left</key>
<string>0</string>
</dict>
<key>timeView</key>
<dict>
<key>width</key>
<string>auto</string>
<key>top</key>
<string>30px</string>
<key>height</key>
<string>auto</string>
</dict>
<key>setButton</key>
<dict>
<key>width</key>
<string>300px</string>
<key>left</key>
<string>10px</string>
<key>bottom</key>
<string>60px</string>
<key>height</key>
<string>44px</string>
</dict>
<key>loveButton</key>
<dict>
<key>width</key>
<string>90px</string>
<key>top</key>
<string>20px</string>
<key>right</key>
<string>10px</string>
<key>height</key>
<string>70px</string>
</dict>
<key>twView</key>
<dict>
<key>width</key>
<string>300px</string>
<key>top</key>
<string>5px</string>
<key>right</key>
<string>10px</string>
<key>left</key>
<string>10px</string>
<key>height</key>
<string>auto</string>
</dict>
<key>hito2</key>
<dict>
<key>width</key>
<string>20px</string>
<key>top</key>
<string>7px</string>
<key>left</key>
<string>0px</string>
<key>height</key>
<string>20px</string>
</dict>
<key>notifyLabel</key>
<dict>
<key>color</key>
<string>#440000</string>
<key>top</key>
<string>5px</string>
<key>height</key>
<string>30px</string>
<key>width</key>
<string>auto</string>
<key>font</key>
<dict>
<key>fontSize</key>
<string>14px</string>
</dict>
<key>left</key>
<string>0px</string>
</dict>
<key>statusView</key>
<dict>
<key>width</key>
<string>310px</string>
<key>top</key>
<string>145px</string>
<key>left</key>
<string>5px</string>
<key>backgroundColor</key>
<string>transparent</string>
<key>height</key>
<string>auto</string>
</dict>
<key>secLabel</key>
<dict>
<key>color</key>
<string>#FBF5EB</string>
<key>top</key>
<string>32px</string>
<key>height</key>
<string>auto</string>
<key>width</key>
<string>auto</string>
<key>font</key>
<dict>
<key>fontFamily</key>
<string>Arial Rounded MT Bold</string>
<key>fontSize</key>
<string>32px</string>
</dict>
<key>textAlign</key>
<string>left</string>
<key>left</key>
<string>5px</string>
</dict>
<key>footerView</key>
<dict>
<key>width</key>
<string>310px</string>
<key>height</key>
<string>28px</string>
</dict>
<key>whenLabel</key>
<dict>
<key>color</key>
<string>#333</string>
<key>top</key>
<string>2px</string>
<key>height</key>
<string>20px</string>
<key>width</key>
<string>auto</string>
<key>font</key>
<dict>
<key>fontWeight</key>
<string>bold</string>
<key>fontSize</key>
<string>14px</string>
</dict>
<key>left</key>
<string>40px</string>
</dict>
<key>pickerLabel</key>
<dict>
<key>color</key>
<string>#440000</string>
<key>width</key>
<string>auto</string>
<key>font</key>
<dict>
<key>fontWeight</key>
<string>bold</string>
<key>fontSize</key>
<string>16px</string>
</dict>
<key>left</key>
<string>5px</string>
<key>height</key>
<string>35px</string>
</dict>
<key>hito</key>
<dict>
<key>width</key>
<string>20px</string>
<key>top</key>
<string>2px</string>
<key>left</key>
<string>15px</string>
<key>height</key>
<string>20px</string>
</dict>
</dict>
</dict>

		<key>ids_density</key>
		<dict>
<key>app</key>
<dict>
</dict>
</dict>

		<key>tags</key>
		<dict>
<key>app</key>
<dict>
</dict>
</dict>

		<key>tags_density</key>
		<dict>
<key>app</key>
<dict>
</dict>
</dict>

	</dict>
</plist>
Finishing build
